Determining if the pthread_create exist failed with the following output:
Change Dir: /home/gray/programming/gameboy-emulator-cpp/src/CMakeFiles/CMakeTmp

Run Build Command:/usr/bin/make "cmTryCompileExec42076807/fast"
/usr/bin/make -f CMakeFiles/cmTryCompileExec42076807.dir/build.make CMakeFiles/cmTryCompileExec42076807.dir/build
make[1]: Entering directory `/home/gray/programming/gameboy-emulator-cpp/src/CMakeFiles/CMakeTmp'
/usr/bin/cmake -E cmake_progress_report /home/gray/programming/gameboy-emulator-cpp/src/CMakeFiles/CMakeTmp/CMakeFiles 1
Building C object CMakeFiles/cmTryCompileExec42076807.dir/CheckSymbolExists.c.o
/usr/bin/cc    -o CMakeFiles/cmTryCompileExec42076807.dir/CheckSymbolExists.c.o   -c /home/gray/programming/gameboy-emulator-cpp/src/CMakeFiles/CMakeTmp/CheckSymbolExists.c
Linking C executable cmTryCompileExec42076807
/usr/bin/cmake -E cmake_link_script CMakeFiles/cmTryCompileExec42076807.dir/link.txt --verbose=1
/usr/bin/cc       CMakeFiles/cmTryCompileExec42076807.dir/CheckSymbolExists.c.o  -o cmTryCompileExec42076807 -rdynamic 
CMakeFiles/cmTryCompileExec42076807.dir/CheckSymbolExists.c.o: In function `main':
CheckSymbolExists.c:(.text+0x16): undefined reference to `pthread_create'
collect2: error: ld returned 1 exit status
make[1]: *** [cmTryCompileExec42076807] Error 1
make[1]: Leaving directory `/home/gray/programming/gameboy-emulator-cpp/src/CMakeFiles/CMakeTmp'
make: *** [cmTryCompileExec42076807/fast] Error 2

File /home/gray/programming/gameboy-emulator-cpp/src/CMakeFiles/CMakeTmp/CheckSymbolExists.c:
/* */
#include <pthread.h>

int main(int argc, char** argv)
{
  (void)argv;
#ifndef pthread_create
  return ((int*)(&pthread_create))[argc];
#else
  (void)argc;
  return 0;
#endif
}

Determining if the function pthread_create exists in the pthreads failed with the following output:
Change Dir: /home/gray/programming/gameboy-emulator-cpp/src/CMakeFiles/CMakeTmp

Run Build Command:/usr/bin/make "cmTryCompileExec1254089204/fast"
/usr/bin/make -f CMakeFiles/cmTryCompileExec1254089204.dir/build.make CMakeFiles/cmTryCompileExec1254089204.dir/build
make[1]: Entering directory `/home/gray/programming/gameboy-emulator-cpp/src/CMakeFiles/CMakeTmp'
/usr/bin/cmake -E cmake_progress_report /home/gray/programming/gameboy-emulator-cpp/src/CMakeFiles/CMakeTmp/CMakeFiles 1
Building C object CMakeFiles/cmTryCompileExec1254089204.dir/CheckFunctionExists.c.o
/usr/bin/cc   -DCHECK_FUNCTION_EXISTS=pthread_create   -o CMakeFiles/cmTryCompileExec1254089204.dir/CheckFunctionExists.c.o   -c /usr/share/cmake-2.8/Modules/CheckFunctionExists.c
Linking C executable cmTryCompileExec1254089204
/usr/bin/cmake -E cmake_link_script CMakeFiles/cmTryCompileExec1254089204.dir/link.txt --verbose=1
/usr/bin/cc   -DCHECK_FUNCTION_EXISTS=pthread_create    CMakeFiles/cmTryCompileExec1254089204.dir/CheckFunctionExists.c.o  -o cmTryCompileExec1254089204 -rdynamic -lpthreads 
/usr/bin/ld: cannot find -lpthreads
collect2: error: ld returned 1 exit status
make[1]: *** [cmTryCompileExec1254089204] Error 1
make[1]: Leaving directory `/home/gray/programming/gameboy-emulator-cpp/src/CMakeFiles/CMakeTmp'
make: *** [cmTryCompileExec1254089204/fast] Error 2


